Compiling the CXX compiler identification source file "CMakeCXXCompilerId.cpp" failed.
Compiler: /usr/bin/c++ 
Build flags: ;-std=c++20
Id flags:  

The output was:
1
c++: error: unrecognized command line option ‘-std=c++20’; did you mean ‘-std=c++2a’?


Compiling the CXX compiler identification source file "CMakeCXXCompilerId.cpp" failed.
Compiler: /usr/bin/c++ 
Build flags: ;-std=c++20
Id flags: -c 

The output was:
1
c++: error: unrecognized command line option ‘-std=c++20’; did you mean ‘-std=c++2a’?


Compiling the CXX compiler identification source file "CMakeCXXCompilerId.cpp" failed.
Compiler: /usr/bin/c++ 
Build flags: ;-std=c++20
Id flags: --c++ 

The output was:
1
c++: error: unrecognized command line option ‘-std=c++20’; did you mean ‘-std=c++2a’?
c++: error: unrecognized command line option ‘--c++’


Compiling the CXX compiler identification source file "CMakeCXXCompilerId.cpp" failed.
Compiler: /usr/bin/c++ 
Build flags: ;-std=c++20
Id flags: --ec++ 

The output was:
1
c++: error: unrecognized command line option ‘-std=c++20’; did you mean ‘-std=c++2a’?
c++: error: unrecognized command line option ‘--ec++’; did you mean ‘-Weffc++’?


Determining if the CXX compiler works failed with the following output:
Change Dir: /home/pi/M-Stream_cpp/build/CMakeFiles/CMakeTmp

Run Build Command:"/usr/bin/make" "cmTC_ff4bd/fast"
/usr/bin/make -f CMakeFiles/cmTC_ff4bd.dir/build.make CMakeFiles/cmTC_ff4bd.dir/build
make[1]: Entering directory '/home/pi/M-Stream_cpp/build/CMakeFiles/CMakeTmp'
Building CXX object CMakeFiles/cmTC_ff4bd.dir/testCXXCompiler.cxx.o
/usr/bin/c++    -std=c++20    -o CMakeFiles/cmTC_ff4bd.dir/testCXXCompiler.cxx.o -c /home/pi/M-Stream_cpp/build/CMakeFiles/CMakeTmp/testCXXCompiler.cxx
c++: error: unrecognized command line option ‘-std=c++20’; did you mean ‘-std=c++2a’?
make[1]: *** [CMakeFiles/cmTC_ff4bd.dir/build.make:66: CMakeFiles/cmTC_ff4bd.dir/testCXXCompiler.cxx.o] Error 1
make[1]: Leaving directory '/home/pi/M-Stream_cpp/build/CMakeFiles/CMakeTmp'
make: *** [Makefile:121: cmTC_ff4bd/fast] Error 2


Compiling the CXX compiler identification source file "CMakeCXXCompilerId.cpp" failed.
Compiler: /usr/bin/c++ 
Build flags: ;-std=c++20
Id flags:  

The output was:
1
c++: error: unrecognized command line option ‘-std=c++20’; did you mean ‘-std=c++2a’?


Compiling the CXX compiler identification source file "CMakeCXXCompilerId.cpp" failed.
Compiler: /usr/bin/c++ 
Build flags: ;-std=c++20
Id flags: -c 

The output was:
1
c++: error: unrecognized command line option ‘-std=c++20’; did you mean ‘-std=c++2a’?


Compiling the CXX compiler identification source file "CMakeCXXCompilerId.cpp" failed.
Compiler: /usr/bin/c++ 
Build flags: ;-std=c++20
Id flags: --c++ 

The output was:
1
c++: error: unrecognized command line option ‘-std=c++20’; did you mean ‘-std=c++2a’?
c++: error: unrecognized command line option ‘--c++’


Compiling the CXX compiler identification source file "CMakeCXXCompilerId.cpp" failed.
Compiler: /usr/bin/c++ 
Build flags: ;-std=c++20
Id flags: --ec++ 

The output was:
1
c++: error: unrecognized command line option ‘-std=c++20’; did you mean ‘-std=c++2a’?
c++: error: unrecognized command line option ‘--ec++’; did you mean ‘-Weffc++’?


Determining if the CXX compiler works failed with the following output:
Change Dir: /home/pi/M-Stream_cpp/build/CMakeFiles/CMakeTmp

Run Build Command:"/usr/bin/make" "cmTC_f4923/fast"
/usr/bin/make -f CMakeFiles/cmTC_f4923.dir/build.make CMakeFiles/cmTC_f4923.dir/build
make[1]: Entering directory '/home/pi/M-Stream_cpp/build/CMakeFiles/CMakeTmp'
Building CXX object CMakeFiles/cmTC_f4923.dir/testCXXCompiler.cxx.o
/usr/bin/c++    -std=c++20    -o CMakeFiles/cmTC_f4923.dir/testCXXCompiler.cxx.o -c /home/pi/M-Stream_cpp/build/CMakeFiles/CMakeTmp/testCXXCompiler.cxx
c++: error: unrecognized command line option ‘-std=c++20’; did you mean ‘-std=c++2a’?
make[1]: *** [CMakeFiles/cmTC_f4923.dir/build.make:66: CMakeFiles/cmTC_f4923.dir/testCXXCompiler.cxx.o] Error 1
make[1]: Leaving directory '/home/pi/M-Stream_cpp/build/CMakeFiles/CMakeTmp'
make: *** [Makefile:121: cmTC_f4923/fast] Error 2


